<?xml version="1.0" encoding="UTF-8"?>
<!-- Generated by org.testng.reporters.JUnitXMLReporter -->
<testsuite hostname="LAPTOP-0NV2K68R" ignored="0" tests="0" failures="0" timestamp="2021-01-02T01:34:06 IST" time="0.03" errors="0">
  <testcase name="@BeforeTest getCredentials" time="-1.609531446334E9" classname="gmailAPiLib.GMail">
    <failure type="org.testng.TestNGException" message="
Can inject only one of &amp;lt;ITestContext, XmlTest&amp;gt; into a @BeforeTest annotated getCredentials.
For more information on native dependency injection please refer to https://testng.org/doc/documentation-main.html#native-dependency-injection">
      <![CDATA[org.testng.TestNGException: 
Can inject only one of <ITestContext, XmlTest> into a @BeforeTest annotated getCredentials.
For more information on native dependency injection please refer to https://testng.org/doc/documentation-main.html#native-dependency-injection
... Removed 21 stack frames]]>
    </failure>
  </testcase> <!-- @BeforeTest getCredentials -->
  <testcase name="@AfterTest executeAPI" time="-1.609531446355E9" classname="gmailAPiLib.GMail">
    <skipped/>
  </testcase> <!-- @AfterTest executeAPI -->
</testsuite>
