<?xml version="1.0" encoding="UTF-8"?>
<!-- Generated by org.testng.reporters.JUnitXMLReporter -->
<testsuite hostname="LAPTOP-0NV2K68R" ignored="0" name="HomePage" tests="5" failures="0" timestamp="2020-12-24T23:53:20 IST" time="46.348" errors="0">
  <testcase name="validateSplashScreen1" time="5.09" classname="testCases.HomePageTest"/>
  <testcase name="validateSplashScreen2" time="0.939" classname="testCases.HomePageTest"/>
  <testcase name="validateSplashScreen3" time="5.242" classname="testCases.HomePageTest"/>
  <testcase name="VerifypageTitle" time="10.314" classname="testCases.HomePageTest"/>
  <testcase name="verifySignUpButton" time="1.911" classname="testCases.HomePageTest"/>
</testsuite> <!-- HomePage -->
