<?xml version="1.0" encoding="UTF-8"?>
<!-- Generated by org.testng.reporters.JUnitXMLReporter -->
<testsuite hostname="LAPTOP-0NV2K68R" ignored="0" name="launchBrowser" tests="7" failures="0" timestamp="2021-01-02T23:52:44 IST" time="9.204" errors="0">
  <testcase name="@BeforeTest init" time="9.116" classname="testCases.SignUpTest">
    <failure type="org.openqa.selenium.SessionNotCreatedException" message="Unable to create a new remote session. Please check the server log for more details. Original error: An unknown server-side error occurred while processing the command. Original error: Cannot start the &amp;apos;com.wedoria.meverolearn&amp;apos; application. Visit https://github.com/appium/appium/blob/master/docs/en/writing-running-appium/android/activity-startup.md for troubleshooting. Original error: Error executing adbExec. Original error: &amp;apos;Command &amp;apos;C:\\Users\\ce\\AppData\\Local\\Android\\Sdk\\platform-tools\\adb.exe -P 5037 -s RZ8M31MWT9A shell am start -W -S -a android.intent.action.MAIN -c android.intent.category.LAUNCHER -f 0x10200000&amp;apos; exited with code 1&amp;apos;; Stderr: &amp;apos;Error: Intent matches multiple activities; can&amp;apos;t stop: Intent { act=android.intent.action.MAIN cat=[android.intent.category.LAUNCHER] flg=0x10200000 }&amp;apos;; Code: &amp;apos;1&amp;apos;
Build info: version: &amp;apos;3.141.59&amp;apos;, revision: &amp;apos;e82be7d358&amp;apos;, time: &amp;apos;2018-11-14T08:17:03&amp;apos;
System info: host: &amp;apos;LAPTOP-0NV2K68R&amp;apos;, ip: &amp;apos;192.168.225.38&amp;apos;, os.name: &amp;apos;Windows 10&amp;apos;, os.arch: &amp;apos;amd64&amp;apos;, os.version: &amp;apos;10.0&amp;apos;, java.version: &amp;apos;1.8.0_231&amp;apos;
Driver info: driver.version: AndroidDriver
remote stacktrace: UnknownError: An unknown server-side error occurred while processing the command. Original error: Cannot start the &amp;apos;com.wedoria.meverolearn&amp;apos; application. Visit https://github.com/appium/appium/blob/master/docs/en/writing-running-appium/android/activity-startup.md for troubleshooting. Original error: Error executing adbExec. Original error: &amp;apos;Command &amp;apos;C:\\Users\\ce\\AppData\\Local\\Android\\Sdk\\platform-tools\\adb.exe -P 5037 -s RZ8M31MWT9A shell am start -W -S -a android.intent.action.MAIN -c android.intent.category.LAUNCHER -f 0x10200000&amp;apos; exited with code 1&amp;apos;; Stderr: &amp;apos;Error: Intent matches multiple activities; can&amp;apos;t stop: Intent { act=android.intent.action.MAIN cat=[android.intent.category.LAUNCHER] flg=0x10200000 }&amp;apos;; Code: &amp;apos;1&amp;apos;
    at getResponseForW3CError (C:\Users\ce\AppData\Local\Programs\Appium\resources\app\node_modules\appium\node_modules\appium-base-driver\lib\protocol\errors.js:804:9)
    at asyncHandler (C:\Users\ce\AppData\Local\Programs\Appium\resources\app\node_modules\appium\node_modules\appium-base-driver\lib\protocol\protocol.js:381:37)
Build info: version: &amp;apos;3.141.59&amp;apos;, revision: &amp;apos;e82be7d358&amp;apos;, time: &amp;apos;2018-11-14T08:17:03&amp;apos;
System info: host: &amp;apos;LAPTOP-0NV2K68R&amp;apos;, ip: &amp;apos;192.168.225.38&amp;apos;, os.name: &amp;apos;Windows 10&amp;apos;, os.arch: &amp;apos;amd64&amp;apos;, os.version: &amp;apos;10.0&amp;apos;, java.version: &amp;apos;1.8.0_231&amp;apos;
Driver info: driver.version: AndroidDriver">
      <![CDATA[org.openqa.selenium.SessionNotCreatedException: Unable to create a new remote session. Please check the server log for more details. Original error: An unknown server-side error occurred while processing the command. Original error: Cannot start the 'com.wedoria.meverolearn' application. Visit https://github.com/appium/appium/blob/master/docs/en/writing-running-appium/android/activity-startup.md for troubleshooting. Original error: Error executing adbExec. Original error: 'Command 'C:\\Users\\ce\\AppData\\Local\\Android\\Sdk\\platform-tools\\adb.exe -P 5037 -s RZ8M31MWT9A shell am start -W -S -a android.intent.action.MAIN -c android.intent.category.LAUNCHER -f 0x10200000' exited with code 1'; Stderr: 'Error: Intent matches multiple activities; can't stop: Intent { act=android.intent.action.MAIN cat=[android.intent.category.LAUNCHER] flg=0x10200000 }'; Code: '1'
Build info: version: '3.141.59', revision: 'e82be7d358', time: '2018-11-14T08:17:03'
System info: host: 'LAPTOP-0NV2K68R', ip: '192.168.225.38', os.name: 'Windows 10', os.arch: 'amd64', os.version: '10.0', java.version: '1.8.0_231'
Driver info: driver.version: AndroidDriver
remote stacktrace: UnknownError: An unknown server-side error occurred while processing the command. Original error: Cannot start the 'com.wedoria.meverolearn' application. Visit https://github.com/appium/appium/blob/master/docs/en/writing-running-appium/android/activity-startup.md for troubleshooting. Original error: Error executing adbExec. Original error: 'Command 'C:\\Users\\ce\\AppData\\Local\\Android\\Sdk\\platform-tools\\adb.exe -P 5037 -s RZ8M31MWT9A shell am start -W -S -a android.intent.action.MAIN -c android.intent.category.LAUNCHER -f 0x10200000' exited with code 1'; Stderr: 'Error: Intent matches multiple activities; can't stop: Intent { act=android.intent.action.MAIN cat=[android.intent.category.LAUNCHER] flg=0x10200000 }'; Code: '1'
    at getResponseForW3CError (C:\Users\ce\AppData\Local\Programs\Appium\resources\app\node_modules\appium\node_modules\appium-base-driver\lib\protocol\errors.js:804:9)
    at asyncHandler (C:\Users\ce\AppData\Local\Programs\Appium\resources\app\node_modules\appium\node_modules\appium-base-driver\lib\protocol\protocol.js:381:37)
Build info: version: '3.141.59', revision: 'e82be7d358', time: '2018-11-14T08:17:03'
System info: host: 'LAPTOP-0NV2K68R', ip: '192.168.225.38', os.name: 'Windows 10', os.arch: 'amd64', os.version: '10.0', java.version: '1.8.0_231'
Driver info: driver.version: AndroidDriver
at io.appium.java_client.remote.AppiumCommandExecutor$1.createSession(AppiumCommandExecutor.java:208)
at io.appium.java_client.remote.AppiumCommandExecutor.createSession(AppiumCommandExecutor.java:217)
at io.appium.java_client.remote.AppiumCommandExecutor.execute(AppiumCommandExecutor.java:239)
at org.openqa.selenium.remote.RemoteWebDriver.execute(RemoteWebDriver.java:552)
at io.appium.java_client.DefaultGenericMobileDriver.execute(DefaultGenericMobileDriver.java:41)
at io.appium.java_client.AppiumDriver.execute(AppiumDriver.java:1)
at io.appium.java_client.android.AndroidDriver.execute(AndroidDriver.java:1)
at org.openqa.selenium.remote.RemoteWebDriver.startSession(RemoteWebDriver.java:213)
at io.appium.java_client.AppiumDriver.startSession(AppiumDriver.java:336)
at org.openqa.selenium.remote.RemoteWebDriver.<init>(RemoteWebDriver.java:131)
at io.appium.java_client.DefaultGenericMobileDriver.<init>(DefaultGenericMobileDriver.java:37)
at io.appium.java_client.AppiumDriver.<init>(AppiumDriver.java:88)
at io.appium.java_client.AppiumDriver.<init>(AppiumDriver.java:98)
at io.appium.java_client.android.AndroidDriver.<init>(AndroidDriver.java:94)
at utilities.CommonUtils.getAndroidDriver(CommonUtils.java:121)
at baseTest.TestBase.setUp(TestBase.java:50)
at testCases.SignUpTest.init(SignUpTest.java:35)
at io.appium.java_client.remote.AppiumCommandExecutor$1.createSession(AppiumCommandExecutor.java:186)
... 40 more
Caused by: org.openqa.selenium.WebDriverException: An unknown server-side error occurred while processing the command. Original error: Cannot start the 'com.wedoria.meverolearn' application. Visit https://github.com/appium/appium/blob/master/docs/en/writing-running-appium/android/activity-startup.md for troubleshooting. Original error: Error executing adbExec. Original error: 'Command 'C:\\Users\\ce\\AppData\\Local\\Android\\Sdk\\platform-tools\\adb.exe -P 5037 -s RZ8M31MWT9A shell am start -W -S -a android.intent.action.MAIN -c android.intent.category.LAUNCHER -f 0x10200000' exited with code 1'; Stderr: 'Error: Intent matches multiple activities; can't stop: Intent { act=android.intent.action.MAIN cat=[android.intent.category.LAUNCHER] flg=0x10200000 }'; Code: '1'
Build info: version: '3.141.59', revision: 'e82be7d358', time: '2018-11-14T08:17:03'
System info: host: 'LAPTOP-0NV2K68R', ip: '192.168.225.38', os.name: 'Windows 10', os.arch: 'amd64', os.version: '10.0', java.version: '1.8.0_231'
Driver info: driver.version: AndroidDriver
remote stacktrace: UnknownError: An unknown server-side error occurred while processing the command. Original error: Cannot start the 'com.wedoria.meverolearn' application. Visit https://github.com/appium/appium/blob/master/docs/en/writing-running-appium/android/activity-startup.md for troubleshooting. Original error: Error executing adbExec. Original error: 'Command 'C:\\Users\\ce\\AppData\\Local\\Android\\Sdk\\platform-tools\\adb.exe -P 5037 -s RZ8M31MWT9A shell am start -W -S -a android.intent.action.MAIN -c android.intent.category.LAUNCHER -f 0x10200000' exited with code 1'; Stderr: 'Error: Intent matches multiple activities; can't stop: Intent { act=android.intent.action.MAIN cat=[android.intent.category.LAUNCHER] flg=0x10200000 }'; Code: '1'
    at getResponseForW3CError (C:\Users\ce\AppData\Local\Programs\Appium\resources\app\node_modules\appium\node_modules\appium-base-driver\lib\protocol\errors.js:804:9)
    at asyncHandler (C:\Users\ce\AppData\Local\Programs\Appium\resources\app\node_modules\appium\node_modules\appium-base-driver\lib\protocol\protocol.js:381:37)
at org.openqa.selenium.remote.W3CHandshakeResponse.lambda$errorHandler$0(W3CHandshakeResponse.java:62)
at org.openqa.selenium.remote.HandshakeResponse.lambda$getResponseFunction$0(HandshakeResponse.java:30)
at org.openqa.selenium.remote.ProtocolHandshake.lambda$createSession$0(ProtocolHandshake.java:126)
at java.util.stream.ReferencePipeline$3$1.accept(ReferencePipeline.java:193)
at java.util.Spliterators$ArraySpliterator.tryAdvance(Spliterators.java:958)
at java.util.stream.ReferencePipeline.forEachWithCancel(ReferencePipeline.java:126)
at java.util.stream.AbstractPipeline.copyIntoWithCancel(AbstractPipeline.java:499)
at java.util.stream.AbstractPipeline.copyInto(AbstractPipeline.java:486)
at java.util.stream.AbstractPipeline.wrapAndCopyInto(AbstractPipeline.java:472)
at java.util.stream.FindOps$FindOp.evaluateSequential(FindOps.java:152)
at java.util.stream.AbstractPipeline.evaluate(AbstractPipeline.java:234)
at java.util.stream.ReferencePipeline.findFirst(ReferencePipeline.java:464)
at org.openqa.selenium.remote.ProtocolHandshake.createSession(ProtocolHandshake.java:128)
... 45 more
... Removed 33 stack frames]]>
    </failure>
  </testcase> <!-- @BeforeTest init -->
  <testcase name="@BeforeMethod setUp" time="-1.609611764091E9" classname="baseTest.TestBase">
    <skipped/>
  </testcase> <!-- @BeforeMethod setUp -->
  <testcase name="@BeforeMethod setUp" time="-1.609611764113E9" classname="baseTest.TestBase">
    <skipped/>
  </testcase> <!-- @BeforeMethod setUp -->
  <testcase name="@BeforeMethod setUp" time="-1.609611764121E9" classname="baseTest.TestBase">
    <skipped/>
  </testcase> <!-- @BeforeMethod setUp -->
  <testcase name="@BeforeMethod setUp" time="-1.609611764126E9" classname="baseTest.TestBase">
    <skipped/>
  </testcase> <!-- @BeforeMethod setUp -->
  <testcase name="@BeforeMethod setUp" time="-1.609611764132E9" classname="baseTest.TestBase">
    <skipped/>
  </testcase> <!-- @BeforeMethod setUp -->
  <testcase name="@BeforeMethod setUp" time="-1.609611764138E9" classname="baseTest.TestBase">
    <skipped/>
  </testcase> <!-- @BeforeMethod setUp -->
  <testcase name="@BeforeMethod setUp" time="-1.60961176415E9" classname="baseTest.TestBase">
    <skipped/>
  </testcase> <!-- @BeforeMethod setUp -->
  <testcase name="@AfterTest quitDriver" time="-1.609611764157E9" classname="testCases.SignUpTest">
    <skipped/>
  </testcase> <!-- @AfterTest quitDriver -->
  <testcase name="validateSplashScreen1" time="0.0" classname="testCases.SignUpTest">
    <skipped/>
  </testcase> <!-- validateSplashScreen1 -->
  <testcase name="validateSplashScreen2" time="0.0" classname="testCases.SignUpTest">
    <skipped/>
  </testcase> <!-- validateSplashScreen2 -->
  <testcase name="validateSplashScreen3" time="0.0" classname="testCases.SignUpTest">
    <skipped/>
  </testcase> <!-- validateSplashScreen3 -->
  <testcase name="VerifypageTitle" time="0.0" classname="testCases.SignUpTest">
    <skipped/>
  </testcase> <!-- VerifypageTitle -->
  <testcase name="verifySignUpButton" time="0.0" classname="testCases.SignUpTest">
    <skipped/>
  </testcase> <!-- verifySignUpButton -->
  <testcase name="verifySignUpPage" time="0.0" classname="testCases.SignUpTest">
    <skipped/>
  </testcase> <!-- verifySignUpPage -->
  <testcase name="verifyEmail" time="0.0" classname="testCases.SignUpTest">
    <skipped/>
  </testcase> <!-- verifyEmail -->
</testsuite> <!-- launchBrowser -->
