<?xml version="1.0" encoding="UTF-8"?>
<!-- Generated by org.testng.reporters.JUnitXMLReporter -->
<testsuite hostname="LAPTOP-0NV2K68R" ignored="0" name="SignIn" tests="10" failures="1" timestamp="2021-01-03T01:12:12 IST" time="87.38" errors="0">
  <testcase name="validateSplashScreen1" time="5.517" classname="testCases.SignInTest"/>
  <testcase name="validateSplashScreen2" time="0.923" classname="testCases.SignInTest"/>
  <testcase name="validateSplashScreen3" time="5.214" classname="testCases.SignInTest"/>
  <testcase name="VerifypageTitle" time="11.541" classname="testCases.SignInTest"/>
  <testcase name="verifySignUpButton" time="1.917" classname="testCases.SignInTest"/>
  <testcase name="ValidateSignInLink" time="5.808" classname="testCases.SignInTest"/>
  <testcase name="ValidateUserCredential" time="23.137" classname="testCases.SignInTest"/>
  <testcase name="ValidateNavMenu" time="0.001" classname="testCases.SignInTest"/>
  <testcase name="ValidateUserName" time="0.001" classname="testCases.SignInTest"/>
  <testcase name="verifyEmail" time="10.412" classname="testCases.SignInTest">
    <failure type="org.openqa.selenium.WebDriverException" message="An unknown server-side error occurred while processing the command. Original error: Error attempting to start URI. Original error: Error: Starting: Intent { act=android.intent.action.VIEW dat=https://google.com/... pkg=com.wedoria.meverolearn }
Error: Activity not started, unable to resolve Intent { act=android.intent.action.VIEW dat=https://google.com/... flg=0x10000000 pkg=com.wedoria.meverolearn }
Build info: version: &amp;apos;3.141.59&amp;apos;, revision: &amp;apos;e82be7d358&amp;apos;, time: &amp;apos;2018-11-14T08:17:03&amp;apos;
System info: host: &amp;apos;LAPTOP-0NV2K68R&amp;apos;, ip: &amp;apos;192.168.225.38&amp;apos;, os.name: &amp;apos;Windows 10&amp;apos;, os.arch: &amp;apos;amd64&amp;apos;, os.version: &amp;apos;10.0&amp;apos;, java.version: &amp;apos;1.8.0_231&amp;apos;
Driver info: io.appium.java_client.android.AndroidDriver
Capabilities {appActivity: com.wedoria.meverolearn.act..., appPackage: com.wedoria.meverolearn, databaseEnabled: false, desired: {appActivity: com.wedoria.meverolearn.act..., appPackage: com.wedoria.meverolearn, deviceName: android, platformName: android}, deviceApiLevel: 29, deviceManufacturer: samsung, deviceModel: SM-A105F, deviceName: RZ8M31MWT9A, deviceScreenDensity: 280, deviceScreenSize: 720x1520, deviceUDID: RZ8M31MWT9A, javascriptEnabled: true, locationContextEnabled: false, networkConnectionEnabled: true, pixelRatio: 1.75, platform: LINUX, platformName: Android, platformVersion: 10, statBarHeight: 54, takesScreenshot: true, viewportRect: {height: 1328, left: 0, top: 54, width: 720}, warnings: {}, webStorageEnabled: false}
Session ID: b1bea7fb-f7f6-42e9-8a6d-22be83d2bac5">
      <![CDATA[org.openqa.selenium.WebDriverException: An unknown server-side error occurred while processing the command. Original error: Error attempting to start URI. Original error: Error: Starting: Intent { act=android.intent.action.VIEW dat=https://google.com/... pkg=com.wedoria.meverolearn }
Error: Activity not started, unable to resolve Intent { act=android.intent.action.VIEW dat=https://google.com/... flg=0x10000000 pkg=com.wedoria.meverolearn }
Build info: version: '3.141.59', revision: 'e82be7d358', time: '2018-11-14T08:17:03'
System info: host: 'LAPTOP-0NV2K68R', ip: '192.168.225.38', os.name: 'Windows 10', os.arch: 'amd64', os.version: '10.0', java.version: '1.8.0_231'
Driver info: io.appium.java_client.android.AndroidDriver
Capabilities {appActivity: com.wedoria.meverolearn.act..., appPackage: com.wedoria.meverolearn, databaseEnabled: false, desired: {appActivity: com.wedoria.meverolearn.act..., appPackage: com.wedoria.meverolearn, deviceName: android, platformName: android}, deviceApiLevel: 29, deviceManufacturer: samsung, deviceModel: SM-A105F, deviceName: RZ8M31MWT9A, deviceScreenDensity: 280, deviceScreenSize: 720x1520, deviceUDID: RZ8M31MWT9A, javascriptEnabled: true, locationContextEnabled: false, networkConnectionEnabled: true, pixelRatio: 1.75, platform: LINUX, platformName: Android, platformVersion: 10, statBarHeight: 54, takesScreenshot: true, viewportRect: {height: 1328, left: 0, top: 54, width: 720}, warnings: {}, webStorageEnabled: false}
Session ID: b1bea7fb-f7f6-42e9-8a6d-22be83d2bac5
at org.openqa.selenium.remote.http.W3CHttpResponseCodec.createException(W3CHttpResponseCodec.java:187)
at org.openqa.selenium.remote.http.W3CHttpResponseCodec.decode(W3CHttpResponseCodec.java:122)
at org.openqa.selenium.remote.http.W3CHttpResponseCodec.decode(W3CHttpResponseCodec.java:49)
at org.openqa.selenium.remote.HttpCommandExecutor.execute(HttpCommandExecutor.java:158)
at io.appium.java_client.remote.AppiumCommandExecutor.execute(AppiumCommandExecutor.java:239)
at org.openqa.selenium.remote.RemoteWebDriver.execute(RemoteWebDriver.java:552)
at io.appium.java_client.DefaultGenericMobileDriver.execute(DefaultGenericMobileDriver.java:41)
at io.appium.java_client.AppiumDriver.execute(AppiumDriver.java:1)
at io.appium.java_client.android.AndroidDriver.execute(AndroidDriver.java:1)
at org.openqa.selenium.remote.RemoteWebDriver.get(RemoteWebDriver.java:277)
at testCases.SignInTest.verifyEmail(SignInTest.java:118)
at java.util.ArrayList.forEach(ArrayList.java:1257)
... Removed 31 stack frames]]>
    </failure>
  </testcase> <!-- verifyEmail -->
</testsuite> <!-- SignIn -->
