<?xml version="1.0" encoding="UTF-8"?>
<!-- Generated by org.testng.reporters.JUnitXMLReporter -->
<testsuite hostname="LAPTOP-0NV2K68R" ignored="0" name="SplashScreen" tests="3" failures="0" timestamp="2020-12-24T23:52:34 IST" time="36.392" errors="0">
  <testcase name="validateSplashScreen1" time="4.752" classname="testCases.SplashScreenTest"/>
  <testcase name="validateSplashScreen2" time="0.881" classname="testCases.SplashScreenTest"/>
  <testcase name="validateSplashScreen3" time="5.204" classname="testCases.SplashScreenTest"/>
</testsuite> <!-- SplashScreen -->
