<?xml version="1.0" encoding="UTF-8"?>
<!-- Generated by org.testng.reporters.JUnitXMLReporter -->
<testsuite hostname="LAPTOP-0NV2K68R" ignored="0" name="Command line test" tests="4" failures="0" timestamp="23 Dec 2020 18:09:45 GMT" time="49.13" errors="0">
  <testcase name="ValidateNextButton1" time="4.97" classname="testCases.A_UnorganiseFeedTest"/>
  <testcase name="ValidateGetStartedButton" time="0.985" classname="testCases.A_UnorganiseFeedTest"/>
  <testcase name="ValidateTermConditionButton" time="5.245" classname="testCases.A_UnorganiseFeedTest"/>
  <testcase name="VerifypageTitle" time="11.414" classname="testCases.A_UnorganiseFeedTest"/>
</testsuite> <!-- Command line test -->
