<?xml version="1.0" encoding="UTF-8"?>
<testng-results skipped="0" failed="1" ignored="0" total="7" passed="6">
  <reporter-output>
  </reporter-output>
  <suite name="Suite" duration-ms="70197" started-at="2021-01-04T23:11:36 IST" finished-at="2021-01-04T23:12:46 IST">
    <groups>
    </groups>
    <test name="SignUp" duration-ms="70197" started-at="2021-01-04T23:11:36 IST" finished-at="2021-01-04T23:12:46 IST">
      <class name="testCases.SignUpTest">
        <test-method status="PASS" signature="init()[pri:0, instance:testCases.SignUpTest@5891e32e]" name="init" is-config="true" duration-ms="19361" started-at="2021-01-04T23:11:36 IST" finished-at="2021-01-04T23:11:55 IST">
          <reporter-output>
          </reporter-output>
        </test-method> <!-- init -->
        <test-method status="PASS" signature="setUp()[pri:0, instance:testCases.SignUpTest@5891e32e]" name="setUp" is-config="true" duration-ms="0" started-at="2021-01-04T23:11:55 IST" finished-at="2021-01-04T23:11:55 IST">
          <reporter-output>
          </reporter-output>
        </test-method> <!-- setUp -->
        <test-method status="PASS" signature="validateSplashScreen1()[pri:1, instance:testCases.SignUpTest@5891e32e]" name="validateSplashScreen1" duration-ms="4913" started-at="2021-01-04T23:11:55 IST" finished-at="2021-01-04T23:12:00 IST">
          <reporter-output>
          </reporter-output>
        </test-method> <!-- validateSplashScreen1 -->
        <test-method status="PASS" signature="validateSplashScreen2()[pri:2, instance:testCases.SignUpTest@5891e32e]" name="validateSplashScreen2" duration-ms="853" started-at="2021-01-04T23:12:00 IST" finished-at="2021-01-04T23:12:01 IST">
          <reporter-output>
          </reporter-output>
        </test-method> <!-- validateSplashScreen2 -->
        <test-method status="PASS" signature="setUp()[pri:0, instance:testCases.SignUpTest@5891e32e]" name="setUp" is-config="true" duration-ms="0" started-at="2021-01-04T23:12:00 IST" finished-at="2021-01-04T23:12:00 IST">
          <reporter-output>
          </reporter-output>
        </test-method> <!-- setUp -->
        <test-method status="PASS" signature="setUp()[pri:0, instance:testCases.SignUpTest@5891e32e]" name="setUp" is-config="true" duration-ms="1" started-at="2021-01-04T23:12:01 IST" finished-at="2021-01-04T23:12:01 IST">
          <reporter-output>
          </reporter-output>
        </test-method> <!-- setUp -->
        <test-method status="PASS" signature="validateSplashScreen3()[pri:3, instance:testCases.SignUpTest@5891e32e]" name="validateSplashScreen3" duration-ms="5260" started-at="2021-01-04T23:12:01 IST" finished-at="2021-01-04T23:12:06 IST">
          <reporter-output>
          </reporter-output>
        </test-method> <!-- validateSplashScreen3 -->
        <test-method status="PASS" signature="setUp()[pri:0, instance:testCases.SignUpTest@5891e32e]" name="setUp" is-config="true" duration-ms="1" started-at="2021-01-04T23:12:06 IST" finished-at="2021-01-04T23:12:06 IST">
          <reporter-output>
          </reporter-output>
        </test-method> <!-- setUp -->
        <test-method status="PASS" signature="VerifypageTitle()[pri:4, instance:testCases.SignUpTest@5891e32e]" name="VerifypageTitle" duration-ms="11615" started-at="2021-01-04T23:12:06 IST" finished-at="2021-01-04T23:12:18 IST">
          <reporter-output>
          </reporter-output>
        </test-method> <!-- VerifypageTitle -->
        <test-method status="PASS" signature="setUp()[pri:0, instance:testCases.SignUpTest@5891e32e]" name="setUp" is-config="true" duration-ms="1" started-at="2021-01-04T23:12:18 IST" finished-at="2021-01-04T23:12:18 IST">
          <reporter-output>
          </reporter-output>
        </test-method> <!-- setUp -->
        <test-method status="PASS" signature="verifySignUpButton()[pri:5, instance:testCases.SignUpTest@5891e32e]" name="verifySignUpButton" duration-ms="1582" started-at="2021-01-04T23:12:18 IST" finished-at="2021-01-04T23:12:20 IST">
          <reporter-output>
          </reporter-output>
        </test-method> <!-- verifySignUpButton -->
        <test-method status="PASS" signature="verifySignUpPage()[pri:6, instance:testCases.SignUpTest@5891e32e]" name="verifySignUpPage" duration-ms="21616" started-at="2021-01-04T23:12:20 IST" finished-at="2021-01-04T23:12:41 IST">
          <reporter-output>
          </reporter-output>
        </test-method> <!-- verifySignUpPage -->
        <test-method status="PASS" signature="setUp()[pri:0, instance:testCases.SignUpTest@5891e32e]" name="setUp" is-config="true" duration-ms="0" started-at="2021-01-04T23:12:20 IST" finished-at="2021-01-04T23:12:20 IST">
          <reporter-output>
          </reporter-output>
        </test-method> <!-- setUp -->
        <test-method status="PASS" signature="setUp()[pri:0, instance:testCases.SignUpTest@5891e32e]" name="setUp" is-config="true" duration-ms="2" started-at="2021-01-04T23:12:41 IST" finished-at="2021-01-04T23:12:41 IST">
          <reporter-output>
          </reporter-output>
        </test-method> <!-- setUp -->
        <test-method status="FAIL" signature="fetchEmailList()[pri:7, instance:testCases.SignUpTest@5891e32e]" name="fetchEmailList" duration-ms="4926" started-at="2021-01-04T23:12:41 IST" finished-at="2021-01-04T23:12:46 IST">
          <exception class="org.json.JSONException">
            <message>
              <![CDATA[A JSONArray text must start with '[' at 1 [character 2 line 1]]]>
            </message>
            <full-stacktrace>
              <![CDATA[org.json.JSONException: A JSONArray text must start with '[' at 1 [character 2 line 1]
at org.json.JSONTokener.syntaxError(JSONTokener.java:433)
at org.json.JSONArray.<init>(JSONArray.java:106)
at org.json.JSONArray.<init>(JSONArray.java:145)
at screens.SignUpPage.fetchEmailList(SignUpPage.java:130)
at testCases.SignUpTest.fetchEmailList(SignUpTest.java:108)
at sun.reflect.NativeMethodAccessorImpl.invoke0(Native Method)
at sun.reflect.NativeMethodAccessorImpl.invoke(NativeMethodAccessorImpl.java:62)
at sun.reflect.DelegatingMethodAccessorImpl.invoke(DelegatingMethodAccessorImpl.java:43)
at java.lang.reflect.Method.invoke(Method.java:498)
at org.testng.internal.MethodInvocationHelper.invokeMethod(MethodInvocationHelper.java:132)
at org.testng.internal.TestInvoker.invokeMethod(TestInvoker.java:599)
at org.testng.internal.TestInvoker.invokeTestMethod(TestInvoker.java:174)
at org.testng.internal.MethodRunner.runInSequence(MethodRunner.java:46)
at org.testng.internal.TestInvoker$MethodInvocationAgent.invoke(TestInvoker.java:822)
at org.testng.internal.TestInvoker.invokeTestMethods(TestInvoker.java:147)
at org.testng.internal.TestMethodWorker.invokeTestMethods(TestMethodWorker.java:146)
at org.testng.internal.TestMethodWorker.run(TestMethodWorker.java:128)
at java.util.ArrayList.forEach(ArrayList.java:1257)
at org.testng.TestRunner.privateRun(TestRunner.java:764)
at org.testng.TestRunner.run(TestRunner.java:585)
at org.testng.SuiteRunner.runTest(SuiteRunner.java:384)
at org.testng.SuiteRunner.runSequentially(SuiteRunner.java:378)
at org.testng.SuiteRunner.privateRun(SuiteRunner.java:337)
at org.testng.SuiteRunner.run(SuiteRunner.java:286)
at org.testng.SuiteRunnerWorker.runSuite(SuiteRunnerWorker.java:53)
at org.testng.SuiteRunnerWorker.run(SuiteRunnerWorker.java:96)
at org.testng.TestNG.runSuitesSequentially(TestNG.java:1218)
at org.testng.TestNG.runSuitesLocally(TestNG.java:1140)
at org.testng.TestNG.runSuites(TestNG.java:1069)
at org.testng.TestNG.run(TestNG.java:1037)
at org.testng.remote.AbstractRemoteTestNG.run(AbstractRemoteTestNG.java:115)
at org.testng.remote.RemoteTestNG.initAndRun(RemoteTestNG.java:251)
at org.testng.remote.RemoteTestNG.main(RemoteTestNG.java:77)
]]>
            </full-stacktrace>
          </exception> <!-- org.json.JSONException -->
          <reporter-output>
          </reporter-output>
        </test-method> <!-- fetchEmailList -->
        <test-method status="PASS" signature="quitDriver()[pri:0, instance:testCases.SignUpTest@5891e32e]" name="quitDriver" is-config="true" duration-ms="0" started-at="2021-01-04T23:12:46 IST" finished-at="2021-01-04T23:12:46 IST">
          <reporter-output>
          </reporter-output>
        </test-method> <!-- quitDriver -->
      </class> <!-- testCases.SignUpTest -->
    </test> <!-- SignUp -->
  </suite> <!-- Suite -->
</testng-results>
